<?xml version="1.0" encoding="UTF-8"?>
<!-- Generated by org.testng.reporters.JUnitReportReporter -->
<testsuite hostname="DESKTOP-T9RF1BO" failures="0" tests="1" name="test.Tests.LoginTest" time="9.788" errors="0" timestamp="2024-10-19T10:44:22 BST" skipped="0">
  <testcase classname="test.Tests.LoginTest" name="validLoginToApp" time="9.788"/>
  <system-out>
    <![CDATA[seting up Browser, running before class!!
before driver.get url!!!!!
after driver.get url!!!!!
https://freelance-learn-automation.vercel.app/
Browser is up and running, running before class!!
Browser is about to teardown, running after class!!
Browser closed and quit!!]]>
  </system-out>
</testsuite> <!-- test.Tests.LoginTest -->
