<?xml version="1.0" encoding="UTF-8"?>
<!-- Generated by org.testng.reporters.JUnitReportReporter -->
<testsuite hostname="Muhammads-MBP.communityfibre.co.uk" failures="0" tests="1" name="test.Tests.RegisterNewUserTest" time="16.033" errors="0" timestamp="2024-10-17T00:58:33 BST" skipped="0">
  <testcase classname="test.Tests.RegisterNewUserTest" name="registerNewUserWithDataProvider" time="16.033"/>
  <system-out>
    <![CDATA[seting up Browser, running before class!!
running getBrowser from Browser factory
Chrome Loaded
before driver.get url!!!!!
after driver.get url!!!!!
https://freelance-learn-automation.vercel.app/
Browser is up and running, running before class!!
Browser is about to teardown, running after class!!
Browser closed and quit!!]]>
  </system-out>
</testsuite> <!-- test.Tests.RegisterNewUserTest -->
