<?xml version="1.0" encoding="UTF-8"?>
<!-- Generated by org.testng.reporters.JUnitReportReporter -->
<<<<<<< HEAD
<testsuite hostname="DESKTOP-T9RF1BO" failures="0" tests="1" name="test.Tests.LoginTest" time="9.788" errors="0" timestamp="2024-10-19T10:44:22 BST" skipped="0">
  <testcase classname="test.Tests.LoginTest" name="validLoginToApp" time="9.788"/>
=======
<testsuite hostname="Muhammads-MBP.communityfibre.co.uk" failures="0" tests="3" name="test.Tests.LoginTest" time="18.216" errors="0" timestamp="2024-10-27T21:44:14 GMT" skipped="0">
  <testcase classname="test.Tests.LoginTest" name="getNumbOfCoursesOnPage" time="4.566">
    <system-out>
      <![CDATA[Learn Automation Courses
Number of Courses is 9]]>
    </system-out>
  </testcase> <!-- getNumbOfCoursesOnPage -->
  <testcase classname="test.Tests.LoginTest" name="getNumberOfSocialMediaIcons" time="3.052">
    <system-out>
      <![CDATA[Total Number of Social Media app icons are: 4
number of social media apps is more than 0: number is:4]]>
    </system-out>
  </testcase> <!-- getNumberOfSocialMediaIcons -->
  <testcase classname="test.Tests.LoginTest" name="validLoginToApp" time="10.598"/>
>>>>>>> dc882f7d5ef0cc025155bd956885c6c1011bb304
  <system-out>
    <![CDATA[seting up Browser, running before class!!
before driver.get url!!!!!
after driver.get url!!!!!
https://freelance-learn-automation.vercel.app/
Browser is up and running, running before class!!
Learn Automation Courses
Total Number of Social Media app icons are: 4
number of social media apps is more than 0: number is:4
Number of Courses is 9
Browser is about to teardown, running after class!!
Browser closed and quit!!]]>
  </system-out>
</testsuite> <!-- test.Tests.LoginTest -->
