<?xml version="1.0" encoding="UTF-8"?>
<!-- Generated by org.testng.reporters.JUnitReportReporter -->
<testsuite hostname="Muhammads-MBP.communityfibre.co.uk" failures="0" tests="1" name="test.Tests.LoginTest" time="10.193" errors="0" timestamp="2024-10-15T23:16:48 BST" skipped="0">
  <testcase classname="test.Tests.LoginTest" name="validLoginToApp" time="10.193"/>
  <system-out>
    <![CDATA[seting up Browser, running before class!!
Chrome is running in Headless Mode!!, you can change the setting in Config file
before driver.get url!!!!!
after driver.get url!!!!!
https://freelance-learn-automation.vercel.app/
Browser is up and running, running before class!!
Browser is about to teardown, running after class!!
Browser closed and quit!!]]>
  </system-out>
</testsuite> <!-- test.Tests.LoginTest -->
