<?xml version="1.0" encoding="UTF-8"?>
<!-- Generated by org.testng.reporters.JUnitReportReporter -->
<testsuite hostname="Muhammads-MBP.cust.communityfibre.co.uk" failures="0" tests="3" name="test.Tests.LoginTest" time="16.566" errors="0" timestamp="2024-12-17T00:12:27 GMT" skipped="0">
  <testcase classname="test.Tests.LoginTest" name="getNumbOfCoursesOnPage" time="4.315">
    <system-out>
      <![CDATA[Learn Automation Courses
Number of Courses is 15]]>
    </system-out>
  </testcase> <!-- getNumbOfCoursesOnPage -->
  <testcase classname="test.Tests.LoginTest" name="getNumberOfSocialMediaIcons" time="3.021">
    <system-out>
      <![CDATA[Total Number of Social Media app icons are: 4
number of social media apps is more than 0: number is:4]]>
    </system-out>
  </testcase> <!-- getNumberOfSocialMediaIcons -->
  <testcase classname="test.Tests.LoginTest" name="validLoginToApp" time="9.230"/>
  <system-out>
    <![CDATA[seting up Browser, running before class!!
before driver.get url!!!!!
after driver.get url!!!!!
https://freelance-learn-automation.vercel.app/
Browser is up and running, running before class!!
Learn Automation Courses
Number of Courses is 15
Total Number of Social Media app icons are: 4
number of social media apps is more than 0: number is:4
Browser is about to teardown, running after class!!
Browser closed and quit!!]]>
  </system-out>
</testsuite> <!-- test.Tests.LoginTest -->
