<?xml version="1.0" encoding="UTF-8"?>
<!-- Generated by org.testng.reporters.JUnitReportReporter -->
<testsuite hostname="Muhammads-MBP.communityfibre.co.uk" failures="0" tests="1" name="test.Tests.AddingNewCourse" time="10.888" errors="0" timestamp="2024-10-19T17:11:53 BST" skipped="0">
  <testcase classname="test.Tests.AddingNewCourse" name="checkTheCoursedAlreadyAvailble" time="10.888">
    <system-out>
      <![CDATA[size of list is 6]]>
    </system-out>
  </testcase> <!-- checkTheCoursedAlreadyAvailble -->
  <system-out>
    <![CDATA[seting up Browser, running before class!!
before driver.get url!!!!!
after driver.get url!!!!!
https://freelance-learn-automation.vercel.app/
Browser is up and running, running before class!!
size of list is 6
Browser is about to teardown, running after class!!
Browser closed and quit!!]]>
  </system-out>
</testsuite> <!-- test.Tests.AddingNewCourse -->
