<?xml version="1.0" encoding="UTF-8"?>
<!-- Generated by org.testng.reporters.JUnitReportReporter -->
<testsuite hostname="Muhammads-MBP.communityfibre.co.uk" failures="0" tests="3" name="test.Tests.LoginTest" time="19.420" errors="0" timestamp="2025-01-05T02:04:00 GMT" skipped="0">
  <testcase classname="test.Tests.LoginTest" name="validLoginToApp" time="10.639"/>
  <testcase classname="test.Tests.LoginTest" name="getNumbOfCoursesOnPage" time="5.737">
    <system-out>
      <![CDATA[Learn Automation Courses
Test failed Number of Courses is less than 0 0]]>
    </system-out>
  </testcase> <!-- getNumbOfCoursesOnPage -->
  <testcase classname="test.Tests.LoginTest" name="getNumberOfSocialMediaIcons" time="3.044">
    <system-out>
      <![CDATA[Total Number of Social Media app icons are: 4
number of social media apps is more than 0: number is:4]]>
    </system-out>
  </testcase> <!-- getNumberOfSocialMediaIcons -->
  <system-out>
    <![CDATA[seting up Browser, running before class!!
before driver.get url!!!!!
after driver.get url!!!!!
https://freelance-learn-automation.vercel.app/
Browser is up and running, running before class!!
Total Number of Social Media app icons are: 4
number of social media apps is more than 0: number is:4
Learn Automation Courses
Test failed Number of Courses is less than 0 0
Browser is about to teardown, running after class!!
Browser closed and quit!!]]>
  </system-out>
</testsuite> <!-- test.Tests.LoginTest -->
